Post Processor Report
OrCAD FILE: C:\MICREL\MICRF113\TX113-1C\TX113-1C.MAX
Thu Sep 20 14:24:34 2007

*********************************************************

Output file: C:\MICREL\MICRF113\TX113-1C\TX113-1C.TOP

Aperture totals for TX113-1C.TOP:
---------------------------------------------------------
D10:  0.0500 SQUARE --       0 Draws,       8 Flashes
D11:  0.0350 SQUARE --       0 Draws,      22 Flashes
D12:  0.0620 ROUND  --       0 Draws,       4 Flashes
D13:  0.0620 SQUARE --       0 Draws,       2 Flashes
D14:  0.0300 ROUND  --       0 Draws,       2 Flashes
D15:  0.0120 ROUND  --       3 Draws,       0 Flashes
D17:  0.0800 ROUND  --       5 Draws,       0 Flashes
D18:  0.0200 ROUND  --      74 Draws,       0 Flashes
D19:  0.0300 ROUND  --      10 Draws,       0 Flashes
D20:  0.0350 ROUND  --       0 Draws,      12 Flashes
D22:  0.0100 ROUND  --      40 Draws,       0 Flashes
D33:  0.0080 ROUND  --       2 Draws,       0 Flashes
D35:  0.0010 ROUND  --     330 Draws,       0 Flashes
D37:  0.0250 ROUND  --      11 Draws,       0 Flashes
D38:  0.0220 x 0.0400 RECTANGLE -----       6 Flashes
D39:  0.0600 ROUND  --       0 Draws,       2 Flashes
D42:  0.0240 ROUND  --       7 Draws,       0 Flashes
D43:  0.0380 x 0.0320 RECTANGLE -----       2 Flashes
---------------------------------------------------------
 18 D-Codes      -----     482 Draws,      60 Flashes

*********************************************************

Output file: C:\MICREL\MICRF113\TX113-1C\TX113-1C.BOT

Aperture totals for TX113-1C.BOT:
---------------------------------------------------------
D12:  0.0620 ROUND  --       0 Draws,       3 Flashes
D13:  0.0620 SQUARE --       0 Draws,       2 Flashes
D14:  0.0300 ROUND  --       0 Draws,       2 Flashes
D18:  0.0200 ROUND  --      44 Draws,       0 Flashes
D19:  0.0300 ROUND  --       8 Draws,       0 Flashes
D20:  0.0350 ROUND  --       0 Draws,      12 Flashes
D22:  0.0100 ROUND  --     490 Draws,       0 Flashes
D39:  0.0600 ROUND  --       0 Draws,       2 Flashes
---------------------------------------------------------
  8 D-Codes      -----     542 Draws,      21 Flashes

*********************************************************

Output file: C:\MICREL\MICRF113\TX113-1C\TX113-1C.SMT

Aperture totals for TX113-1C.SMT:
---------------------------------------------------------
D12:  0.0620 ROUND  --       0 Draws,       3 Flashes
D13:  0.0620 SQUARE --       0 Draws,       2 Flashes
D25:  0.0540 SQUARE --       0 Draws,       8 Flashes
D26:  0.0390 SQUARE --       0 Draws,      22 Flashes
D35:  0.0010 ROUND  --     370 Draws,       0 Flashes
D38:  0.0220 x 0.0400 RECTANGLE -----       6 Flashes
D43:  0.0380 x 0.0320 RECTANGLE -----       2 Flashes
---------------------------------------------------------
  7 D-Codes      -----     370 Draws,      43 Flashes

*********************************************************

Output file: C:\MICREL\MICRF113\TX113-1C\TX113-1C.SMB

Aperture totals for TX113-1C.SMB:
---------------------------------------------------------
D12:  0.0620 ROUND  --       0 Draws,       3 Flashes
D13:  0.0620 SQUARE --       0 Draws,       2 Flashes
D40:  0.0700 ROUND  --       0 Draws,       2 Flashes
---------------------------------------------------------
  3 D-Codes      -----       0 Draws,       7 Flashes

*********************************************************

Output file: C:\MICREL\MICRF113\TX113-1C\TX113-1C.SPT

Aperture totals for TX113-1C.SPT:
---------------------------------------------------------
D10:  0.0500 SQUARE --       0 Draws,       8 Flashes
D11:  0.0350 SQUARE --       0 Draws,      22 Flashes
D41:  0.0270 x 0.0400 RECTANGLE -----       6 Flashes
D43:  0.0380 x 0.0320 RECTANGLE -----       2 Flashes
---------------------------------------------------------
  4 D-Codes      -----       0 Draws,      38 Flashes

*********************************************************

Output file: C:\MICREL\MICRF113\TX113-1C\TX113-1C.SPB
*********************************************************

Output file: C:\MICREL\MICRF113\TX113-1C\TX113-1C.SST

Aperture totals for TX113-1C.SST:
---------------------------------------------------------
D22:  0.0100 ROUND  --      57 Draws,       0 Flashes
D30:  0.0070 ROUND  --      55 Draws,       0 Flashes
D31:  0.0030 ROUND  --      16 Draws,       0 Flashes
D32:  0.0060 ROUND  --       8 Draws,       0 Flashes
D33:  0.0080 ROUND  --      88 Draws,       0 Flashes
D34:  0.0050 ROUND  --     265 Draws,       0 Flashes
---------------------------------------------------------
  6 D-Codes      -----     489 Draws,       0 Flashes

*********************************************************

Output file: C:\MICREL\MICRF113\TX113-1C\TX113-1C.AST

Aperture totals for TX113-1C.AST:
---------------------------------------------------------
D10:  0.0500 SQUARE --       0 Draws,       8 Flashes
D11:  0.0350 SQUARE --       0 Draws,      22 Flashes
D12:  0.0620 ROUND  --       0 Draws,       3 Flashes
D13:  0.0620 SQUARE --       0 Draws,       2 Flashes
D21:  0.0150 ROUND  --     116 Draws,       0 Flashes
D22:  0.0100 ROUND  --     457 Draws,       0 Flashes
D31:  0.0030 ROUND  --      16 Draws,       0 Flashes
D33:  0.0080 ROUND  --      13 Draws,       0 Flashes
D35:  0.0010 ROUND  --     376 Draws,       0 Flashes
D38:  0.0220 x 0.0400 RECTANGLE -----       6 Flashes
D43:  0.0380 x 0.0320 RECTANGLE -----       2 Flashes
---------------------------------------------------------
 11 D-Codes      -----     978 Draws,      43 Flashes

*********************************************************

Output file: C:\MICREL\MICRF113\TX113-1C\TX113-1C.DRD

Aperture totals for TX113-1C.DRD:
---------------------------------------------------------
D22:  0.0100 ROUND  --     403 Draws,       0 Flashes
---------------------------------------------------------
  1 D-Codes      -----     403 Draws,       0 Flashes


*********************************************************

Aperture totals for entire project:
---------------------------------------------------------
D10:  0.0500 SQUARE --       0 Draws,      24 Flashes
D11:  0.0350 SQUARE --       0 Draws,      66 Flashes
D12:  0.0620 ROUND  --       0 Draws,      16 Flashes
D13:  0.0620 SQUARE --       0 Draws,      10 Flashes
D14:  0.0300 ROUND  --       0 Draws,       4 Flashes
D15:  0.0120 ROUND  --       3 Draws,       0 Flashes
D17:  0.0800 ROUND  --       5 Draws,       0 Flashes
D18:  0.0200 ROUND  --     118 Draws,       0 Flashes
D19:  0.0300 ROUND  --      18 Draws,       0 Flashes
D20:  0.0350 ROUND  --       0 Draws,      24 Flashes
D21:  0.0150 ROUND  --     116 Draws,       0 Flashes
D22:  0.0100 ROUND  --    1447 Draws,       0 Flashes
D25:  0.0540 SQUARE --       0 Draws,       8 Flashes
D26:  0.0390 SQUARE --       0 Draws,      22 Flashes
D30:  0.0070 ROUND  --      55 Draws,       0 Flashes
D31:  0.0030 ROUND  --      32 Draws,       0 Flashes
D32:  0.0060 ROUND  --       8 Draws,       0 Flashes
D33:  0.0080 ROUND  --     103 Draws,       0 Flashes
D34:  0.0050 ROUND  --     265 Draws,       0 Flashes
D35:  0.0010 ROUND  --    1076 Draws,       0 Flashes
D37:  0.0250 ROUND  --      11 Draws,       0 Flashes
D38:  0.0220 x 0.0400 RECTANGLE -----      18 Flashes
D39:  0.0600 ROUND  --       0 Draws,       4 Flashes
D40:  0.0700 ROUND  --       0 Draws,       2 Flashes
D41:  0.0270 x 0.0400 RECTANGLE -----       6 Flashes
D42:  0.0240 ROUND  --       7 Draws,       0 Flashes
D43:  0.0380 x 0.0320 RECTANGLE -----       8 Flashes
---------------------------------------------------------
 27 D-Codes      -----    3264 Draws,     212 Flashes


No warnings or errors.
